2023-09-16 08:08:06,976 :INFO : test_newuser :Firstname is : shahid
2023-09-16 08:08:07,305 :INFO : test_newuser :Email is : shahid.ali@gmail.com
2023-09-16 08:08:08,034 :INFO : test_newuser :DOB is : "10/10/2023"
2023-09-16 08:08:08,321 :INFO : test_newuser :×
Success! The Form has been submitted successfully!.
2023-09-16 09:36:01,175 :ERROR : test_newuser :error during the action 'Name'
2023-09-16 09:36:01,175 :ERROR : test_newuser :error during the action 'Name'
2023-09-16 09:36:01,175 :CRITICAL : test_newuser :Critical error 'Name'
2023-09-16 09:36:01,175 :CRITICAL : test_newuser :Critical error 'Name'
2023-09-16 09:36:01,176 :WARNING : test_newuser :Warning during the program 'Name'
2023-09-16 09:36:01,176 :WARNING : test_newuser :Warning during the program 'Name'
2023-09-16 09:36:01,198 :ERROR : test_newuser :error during the action 'Name'
2023-09-16 09:36:01,198 :ERROR : test_newuser :error during the action 'Name'
2023-09-16 09:36:01,198 :ERROR : test_newuser :error during the action 'Name'
2023-09-16 09:36:01,198 :ERROR : test_newuser :error during the action 'Name'
2023-09-16 09:36:01,199 :CRITICAL : test_newuser :Critical error 'Name'
2023-09-16 09:36:01,199 :CRITICAL : test_newuser :Critical error 'Name'
2023-09-16 09:36:01,199 :CRITICAL : test_newuser :Critical error 'Name'
2023-09-16 09:36:01,199 :CRITICAL : test_newuser :Critical error 'Name'
2023-09-16 09:36:01,199 :WARNING : test_newuser :Warning during the program 'Name'
2023-09-16 09:36:01,199 :WARNING : test_newuser :Warning during the program 'Name'
2023-09-16 09:36:01,199 :WARNING : test_newuser :Warning during the program 'Name'
2023-09-16 09:36:01,199 :WARNING : test_newuser :Warning during the program 'Name'
2023-09-16 09:36:01,221 :ERROR : test_newuser :error during the action 'Name'
2023-09-16 09:36:01,221 :ERROR : test_newuser :error during the action 'Name'
2023-09-16 09:36:01,221 :ERROR : test_newuser :error during the action 'Name'
2023-09-16 09:36:01,221 :ERROR : test_newuser :error during the action 'Name'
2023-09-16 09:36:01,221 :ERROR : test_newuser :error during the action 'Name'
2023-09-16 09:36:01,221 :ERROR : test_newuser :error during the action 'Name'
2023-09-16 09:36:01,221 :CRITICAL : test_newuser :Critical error 'Name'
2023-09-16 09:36:01,221 :CRITICAL : test_newuser :Critical error 'Name'
2023-09-16 09:36:01,221 :CRITICAL : test_newuser :Critical error 'Name'
2023-09-16 09:36:01,221 :CRITICAL : test_newuser :Critical error 'Name'
2023-09-16 09:36:01,221 :CRITICAL : test_newuser :Critical error 'Name'
2023-09-16 09:36:01,221 :CRITICAL : test_newuser :Critical error 'Name'
2023-09-16 09:36:01,221 :WARNING : test_newuser :Warning during the program 'Name'
2023-09-16 09:36:01,221 :WARNING : test_newuser :Warning during the program 'Name'
2023-09-16 09:36:01,221 :WARNING : test_newuser :Warning during the program 'Name'
2023-09-16 09:36:01,221 :WARNING : test_newuser :Warning during the program 'Name'
2023-09-16 09:36:01,221 :WARNING : test_newuser :Warning during the program 'Name'
2023-09-16 09:36:01,221 :WARNING : test_newuser :Warning during the program 'Name'
2023-09-16 09:36:01,239 :ERROR : test_newuser :error during the action 'Name'
2023-09-16 09:36:01,239 :ERROR : test_newuser :error during the action 'Name'
2023-09-16 09:36:01,239 :ERROR : test_newuser :error during the action 'Name'
2023-09-16 09:36:01,239 :ERROR : test_newuser :error during the action 'Name'
2023-09-16 09:36:01,239 :ERROR : test_newuser :error during the action 'Name'
2023-09-16 09:36:01,239 :ERROR : test_newuser :error during the action 'Name'
2023-09-16 09:36:01,239 :ERROR : test_newuser :error during the action 'Name'
2023-09-16 09:36:01,239 :ERROR : test_newuser :error during the action 'Name'
2023-09-16 09:36:01,239 :CRITICAL : test_newuser :Critical error 'Name'
2023-09-16 09:36:01,239 :CRITICAL : test_newuser :Critical error 'Name'
2023-09-16 09:36:01,239 :CRITICAL : test_newuser :Critical error 'Name'
2023-09-16 09:36:01,239 :CRITICAL : test_newuser :Critical error 'Name'
2023-09-16 09:36:01,239 :CRITICAL : test_newuser :Critical error 'Name'
2023-09-16 09:36:01,239 :CRITICAL : test_newuser :Critical error 'Name'
2023-09-16 09:36:01,239 :CRITICAL : test_newuser :Critical error 'Name'
2023-09-16 09:36:01,239 :CRITICAL : test_newuser :Critical error 'Name'
2023-09-16 09:36:01,239 :WARNING : test_newuser :Warning during the program 'Name'
2023-09-16 09:36:01,239 :WARNING : test_newuser :Warning during the program 'Name'
2023-09-16 09:36:01,239 :WARNING : test_newuser :Warning during the program 'Name'
2023-09-16 09:36:01,239 :WARNING : test_newuser :Warning during the program 'Name'
2023-09-16 09:36:01,239 :WARNING : test_newuser :Warning during the program 'Name'
2023-09-16 09:36:01,239 :WARNING : test_newuser :Warning during the program 'Name'
2023-09-16 09:36:01,239 :WARNING : test_newuser :Warning during the program 'Name'
2023-09-16 09:36:01,239 :WARNING : test_newuser :Warning during the program 'Name'
2023-09-16 09:36:01,258 :ERROR : test_newuser :error during the action 'Name'
2023-09-16 09:36:01,258 :ERROR : test_newuser :error during the action 'Name'
2023-09-16 09:36:01,258 :ERROR : test_newuser :error during the action 'Name'
2023-09-16 09:36:01,258 :ERROR : test_newuser :error during the action 'Name'
2023-09-16 09:36:01,258 :ERROR : test_newuser :error during the action 'Name'
2023-09-16 09:36:01,258 :ERROR : test_newuser :error during the action 'Name'
2023-09-16 09:36:01,258 :ERROR : test_newuser :error during the action 'Name'
2023-09-16 09:36:01,258 :ERROR : test_newuser :error during the action 'Name'
2023-09-16 09:36:01,258 :ERROR : test_newuser :error during the action 'Name'
2023-09-16 09:36:01,258 :ERROR : test_newuser :error during the action 'Name'
2023-09-16 09:36:01,258 :CRITICAL : test_newuser :Critical error 'Name'
2023-09-16 09:36:01,258 :CRITICAL : test_newuser :Critical error 'Name'
2023-09-16 09:36:01,258 :CRITICAL : test_newuser :Critical error 'Name'
2023-09-16 09:36:01,258 :CRITICAL : test_newuser :Critical error 'Name'
2023-09-16 09:36:01,258 :CRITICAL : test_newuser :Critical error 'Name'
2023-09-16 09:36:01,258 :CRITICAL : test_newuser :Critical error 'Name'
2023-09-16 09:36:01,258 :CRITICAL : test_newuser :Critical error 'Name'
2023-09-16 09:36:01,258 :CRITICAL : test_newuser :Critical error 'Name'
2023-09-16 09:36:01,258 :CRITICAL : test_newuser :Critical error 'Name'
2023-09-16 09:36:01,258 :CRITICAL : test_newuser :Critical error 'Name'
2023-09-16 09:36:01,258 :WARNING : test_newuser :Warning during the program 'Name'
2023-09-16 09:36:01,258 :WARNING : test_newuser :Warning during the program 'Name'
2023-09-16 09:36:01,258 :WARNING : test_newuser :Warning during the program 'Name'
2023-09-16 09:36:01,258 :WARNING : test_newuser :Warning during the program 'Name'
2023-09-16 09:36:01,258 :WARNING : test_newuser :Warning during the program 'Name'
2023-09-16 09:36:01,258 :WARNING : test_newuser :Warning during the program 'Name'
2023-09-16 09:36:01,258 :WARNING : test_newuser :Warning during the program 'Name'
2023-09-16 09:36:01,258 :WARNING : test_newuser :Warning during the program 'Name'
2023-09-16 09:36:01,258 :WARNING : test_newuser :Warning during the program 'Name'
2023-09-16 09:36:01,258 :WARNING : test_newuser :Warning during the program 'Name'
2023-09-16 09:36:01,277 :ERROR : test_newuser :error during the action 'Name'
2023-09-16 09:36:01,277 :ERROR : test_newuser :error during the action 'Name'
2023-09-16 09:36:01,277 :ERROR : test_newuser :error during the action 'Name'
2023-09-16 09:36:01,277 :ERROR : test_newuser :error during the action 'Name'
2023-09-16 09:36:01,277 :ERROR : test_newuser :error during the action 'Name'
2023-09-16 09:36:01,277 :ERROR : test_newuser :error during the action 'Name'
2023-09-16 09:36:01,277 :ERROR : test_newuser :error during the action 'Name'
2023-09-16 09:36:01,277 :ERROR : test_newuser :error during the action 'Name'
2023-09-16 09:36:01,277 :ERROR : test_newuser :error during the action 'Name'
2023-09-16 09:36:01,277 :ERROR : test_newuser :error during the action 'Name'
2023-09-16 09:36:01,277 :ERROR : test_newuser :error during the action 'Name'
2023-09-16 09:36:01,277 :ERROR : test_newuser :error during the action 'Name'
2023-09-16 09:36:01,277 :CRITICAL : test_newuser :Critical error 'Name'
2023-09-16 09:36:01,277 :CRITICAL : test_newuser :Critical error 'Name'
2023-09-16 09:36:01,277 :CRITICAL : test_newuser :Critical error 'Name'
2023-09-16 09:36:01,277 :CRITICAL : test_newuser :Critical error 'Name'
2023-09-16 09:36:01,277 :CRITICAL : test_newuser :Critical error 'Name'
2023-09-16 09:36:01,277 :CRITICAL : test_newuser :Critical error 'Name'
2023-09-16 09:36:01,277 :CRITICAL : test_newuser :Critical error 'Name'
2023-09-16 09:36:01,277 :CRITICAL : test_newuser :Critical error 'Name'
2023-09-16 09:36:01,277 :CRITICAL : test_newuser :Critical error 'Name'
2023-09-16 09:36:01,277 :CRITICAL : test_newuser :Critical error 'Name'
2023-09-16 09:36:01,277 :CRITICAL : test_newuser :Critical error 'Name'
2023-09-16 09:36:01,277 :CRITICAL : test_newuser :Critical error 'Name'
2023-09-16 09:36:01,277 :WARNING : test_newuser :Warning during the program 'Name'
2023-09-16 09:36:01,277 :WARNING : test_newuser :Warning during the program 'Name'
2023-09-16 09:36:01,277 :WARNING : test_newuser :Warning during the program 'Name'
2023-09-16 09:36:01,277 :WARNING : test_newuser :Warning during the program 'Name'
2023-09-16 09:36:01,277 :WARNING : test_newuser :Warning during the program 'Name'
2023-09-16 09:36:01,277 :WARNING : test_newuser :Warning during the program 'Name'
2023-09-16 09:36:01,277 :WARNING : test_newuser :Warning during the program 'Name'
2023-09-16 09:36:01,277 :WARNING : test_newuser :Warning during the program 'Name'
2023-09-16 09:36:01,277 :WARNING : test_newuser :Warning during the program 'Name'
2023-09-16 09:36:01,277 :WARNING : test_newuser :Warning during the program 'Name'
2023-09-16 09:36:01,277 :WARNING : test_newuser :Warning during the program 'Name'
2023-09-16 09:36:01,277 :WARNING : test_newuser :Warning during the program 'Name'
2023-09-16 09:36:01,311 :ERROR : test_newuser :error during the action 'Name'
2023-09-16 09:36:01,311 :ERROR : test_newuser :error during the action 'Name'
2023-09-16 09:36:01,311 :ERROR : test_newuser :error during the action 'Name'
2023-09-16 09:36:01,311 :ERROR : test_newuser :error during the action 'Name'
2023-09-16 09:36:01,311 :ERROR : test_newuser :error during the action 'Name'
2023-09-16 09:36:01,311 :ERROR : test_newuser :error during the action 'Name'
2023-09-16 09:36:01,311 :ERROR : test_newuser :error during the action 'Name'
2023-09-16 09:36:01,311 :ERROR : test_newuser :error during the action 'Name'
2023-09-16 09:36:01,311 :ERROR : test_newuser :error during the action 'Name'
2023-09-16 09:36:01,311 :ERROR : test_newuser :error during the action 'Name'
2023-09-16 09:36:01,311 :ERROR : test_newuser :error during the action 'Name'
2023-09-16 09:36:01,311 :ERROR : test_newuser :error during the action 'Name'
2023-09-16 09:36:01,311 :ERROR : test_newuser :error during the action 'Name'
2023-09-16 09:36:01,311 :ERROR : test_newuser :error during the action 'Name'
2023-09-16 09:36:01,311 :CRITICAL : test_newuser :Critical error 'Name'
2023-09-16 09:36:01,311 :CRITICAL : test_newuser :Critical error 'Name'
2023-09-16 09:36:01,311 :CRITICAL : test_newuser :Critical error 'Name'
2023-09-16 09:36:01,311 :CRITICAL : test_newuser :Critical error 'Name'
2023-09-16 09:36:01,311 :CRITICAL : test_newuser :Critical error 'Name'
2023-09-16 09:36:01,311 :CRITICAL : test_newuser :Critical error 'Name'
2023-09-16 09:36:01,311 :CRITICAL : test_newuser :Critical error 'Name'
2023-09-16 09:36:01,311 :CRITICAL : test_newuser :Critical error 'Name'
2023-09-16 09:36:01,311 :CRITICAL : test_newuser :Critical error 'Name'
2023-09-16 09:36:01,311 :CRITICAL : test_newuser :Critical error 'Name'
2023-09-16 09:36:01,311 :CRITICAL : test_newuser :Critical error 'Name'
2023-09-16 09:36:01,311 :CRITICAL : test_newuser :Critical error 'Name'
2023-09-16 09:36:01,311 :CRITICAL : test_newuser :Critical error 'Name'
2023-09-16 09:36:01,311 :CRITICAL : test_newuser :Critical error 'Name'
2023-09-16 09:36:01,312 :WARNING : test_newuser :Warning during the program 'Name'
2023-09-16 09:36:01,312 :WARNING : test_newuser :Warning during the program 'Name'
2023-09-16 09:36:01,312 :WARNING : test_newuser :Warning during the program 'Name'
2023-09-16 09:36:01,312 :WARNING : test_newuser :Warning during the program 'Name'
2023-09-16 09:36:01,312 :WARNING : test_newuser :Warning during the program 'Name'
2023-09-16 09:36:01,312 :WARNING : test_newuser :Warning during the program 'Name'
2023-09-16 09:36:01,312 :WARNING : test_newuser :Warning during the program 'Name'
2023-09-16 09:36:01,312 :WARNING : test_newuser :Warning during the program 'Name'
2023-09-16 09:36:01,312 :WARNING : test_newuser :Warning during the program 'Name'
2023-09-16 09:36:01,312 :WARNING : test_newuser :Warning during the program 'Name'
2023-09-16 09:36:01,312 :WARNING : test_newuser :Warning during the program 'Name'
2023-09-16 09:36:01,312 :WARNING : test_newuser :Warning during the program 'Name'
2023-09-16 09:36:01,312 :WARNING : test_newuser :Warning during the program 'Name'
2023-09-16 09:36:01,312 :WARNING : test_newuser :Warning during the program 'Name'
2023-09-16 09:37:27,303 :ERROR : test_newuser :error during the action 'Name'
2023-09-16 09:37:27,303 :ERROR : test_newuser :error during the action 'Name'
2023-09-16 09:37:27,303 :CRITICAL : test_newuser :Critical error 'Name'
2023-09-16 09:37:27,303 :CRITICAL : test_newuser :Critical error 'Name'
2023-09-16 09:37:27,304 :WARNING : test_newuser :Warning during the program 'Name'
2023-09-16 09:37:27,304 :WARNING : test_newuser :Warning during the program 'Name'
2023-09-16 09:37:27,325 :ERROR : test_newuser :error during the action 'Name'
2023-09-16 09:37:27,325 :ERROR : test_newuser :error during the action 'Name'
2023-09-16 09:37:27,325 :ERROR : test_newuser :error during the action 'Name'
2023-09-16 09:37:27,325 :ERROR : test_newuser :error during the action 'Name'
2023-09-16 09:37:27,325 :CRITICAL : test_newuser :Critical error 'Name'
2023-09-16 09:37:27,325 :CRITICAL : test_newuser :Critical error 'Name'
2023-09-16 09:37:27,325 :CRITICAL : test_newuser :Critical error 'Name'
2023-09-16 09:37:27,325 :CRITICAL : test_newuser :Critical error 'Name'
2023-09-16 09:37:27,325 :WARNING : test_newuser :Warning during the program 'Name'
2023-09-16 09:37:27,325 :WARNING : test_newuser :Warning during the program 'Name'
2023-09-16 09:37:27,325 :WARNING : test_newuser :Warning during the program 'Name'
2023-09-16 09:37:27,325 :WARNING : test_newuser :Warning during the program 'Name'
2023-09-16 09:37:27,346 :ERROR : test_newuser :error during the action 'Name'
2023-09-16 09:37:27,346 :ERROR : test_newuser :error during the action 'Name'
2023-09-16 09:37:27,346 :ERROR : test_newuser :error during the action 'Name'
2023-09-16 09:37:27,346 :ERROR : test_newuser :error during the action 'Name'
2023-09-16 09:37:27,346 :ERROR : test_newuser :error during the action 'Name'
2023-09-16 09:37:27,346 :ERROR : test_newuser :error during the action 'Name'
2023-09-16 09:37:27,346 :CRITICAL : test_newuser :Critical error 'Name'
2023-09-16 09:37:27,346 :CRITICAL : test_newuser :Critical error 'Name'
2023-09-16 09:37:27,346 :CRITICAL : test_newuser :Critical error 'Name'
2023-09-16 09:37:27,346 :CRITICAL : test_newuser :Critical error 'Name'
2023-09-16 09:37:27,346 :CRITICAL : test_newuser :Critical error 'Name'
2023-09-16 09:37:27,346 :CRITICAL : test_newuser :Critical error 'Name'
2023-09-16 09:37:27,347 :WARNING : test_newuser :Warning during the program 'Name'
2023-09-16 09:37:27,347 :WARNING : test_newuser :Warning during the program 'Name'
2023-09-16 09:37:27,347 :WARNING : test_newuser :Warning during the program 'Name'
2023-09-16 09:37:27,347 :WARNING : test_newuser :Warning during the program 'Name'
2023-09-16 09:37:27,347 :WARNING : test_newuser :Warning during the program 'Name'
2023-09-16 09:37:27,347 :WARNING : test_newuser :Warning during the program 'Name'
2023-09-16 09:37:27,371 :ERROR : test_newuser :error during the action 'Name'
2023-09-16 09:37:27,371 :ERROR : test_newuser :error during the action 'Name'
2023-09-16 09:37:27,371 :ERROR : test_newuser :error during the action 'Name'
2023-09-16 09:37:27,371 :ERROR : test_newuser :error during the action 'Name'
2023-09-16 09:37:27,371 :ERROR : test_newuser :error during the action 'Name'
2023-09-16 09:37:27,371 :ERROR : test_newuser :error during the action 'Name'
2023-09-16 09:37:27,371 :ERROR : test_newuser :error during the action 'Name'
2023-09-16 09:37:27,371 :ERROR : test_newuser :error during the action 'Name'
2023-09-16 09:37:27,372 :CRITICAL : test_newuser :Critical error 'Name'
2023-09-16 09:37:27,372 :CRITICAL : test_newuser :Critical error 'Name'
2023-09-16 09:37:27,372 :CRITICAL : test_newuser :Critical error 'Name'
2023-09-16 09:37:27,372 :CRITICAL : test_newuser :Critical error 'Name'
2023-09-16 09:37:27,372 :CRITICAL : test_newuser :Critical error 'Name'
2023-09-16 09:37:27,372 :CRITICAL : test_newuser :Critical error 'Name'
2023-09-16 09:37:27,372 :CRITICAL : test_newuser :Critical error 'Name'
2023-09-16 09:37:27,372 :CRITICAL : test_newuser :Critical error 'Name'
2023-09-16 09:37:27,372 :WARNING : test_newuser :Warning during the program 'Name'
2023-09-16 09:37:27,372 :WARNING : test_newuser :Warning during the program 'Name'
2023-09-16 09:37:27,372 :WARNING : test_newuser :Warning during the program 'Name'
2023-09-16 09:37:27,372 :WARNING : test_newuser :Warning during the program 'Name'
2023-09-16 09:37:27,372 :WARNING : test_newuser :Warning during the program 'Name'
2023-09-16 09:37:27,372 :WARNING : test_newuser :Warning during the program 'Name'
2023-09-16 09:37:27,372 :WARNING : test_newuser :Warning during the program 'Name'
2023-09-16 09:37:27,372 :WARNING : test_newuser :Warning during the program 'Name'
2023-09-16 09:37:27,391 :ERROR : test_newuser :error during the action 'Name'
2023-09-16 09:37:27,391 :ERROR : test_newuser :error during the action 'Name'
2023-09-16 09:37:27,391 :ERROR : test_newuser :error during the action 'Name'
2023-09-16 09:37:27,391 :ERROR : test_newuser :error during the action 'Name'
2023-09-16 09:37:27,391 :ERROR : test_newuser :error during the action 'Name'
2023-09-16 09:37:27,391 :ERROR : test_newuser :error during the action 'Name'
2023-09-16 09:37:27,391 :ERROR : test_newuser :error during the action 'Name'
2023-09-16 09:37:27,391 :ERROR : test_newuser :error during the action 'Name'
2023-09-16 09:37:27,391 :ERROR : test_newuser :error during the action 'Name'
2023-09-16 09:37:27,391 :ERROR : test_newuser :error during the action 'Name'
2023-09-16 09:37:27,391 :CRITICAL : test_newuser :Critical error 'Name'
2023-09-16 09:37:27,391 :CRITICAL : test_newuser :Critical error 'Name'
2023-09-16 09:37:27,391 :CRITICAL : test_newuser :Critical error 'Name'
2023-09-16 09:37:27,391 :CRITICAL : test_newuser :Critical error 'Name'
2023-09-16 09:37:27,391 :CRITICAL : test_newuser :Critical error 'Name'
2023-09-16 09:37:27,391 :CRITICAL : test_newuser :Critical error 'Name'
2023-09-16 09:37:27,391 :CRITICAL : test_newuser :Critical error 'Name'
2023-09-16 09:37:27,391 :CRITICAL : test_newuser :Critical error 'Name'
2023-09-16 09:37:27,391 :CRITICAL : test_newuser :Critical error 'Name'
2023-09-16 09:37:27,391 :CRITICAL : test_newuser :Critical error 'Name'
2023-09-16 09:37:27,391 :WARNING : test_newuser :Warning during the program 'Name'
2023-09-16 09:37:27,391 :WARNING : test_newuser :Warning during the program 'Name'
2023-09-16 09:37:27,391 :WARNING : test_newuser :Warning during the program 'Name'
2023-09-16 09:37:27,391 :WARNING : test_newuser :Warning during the program 'Name'
2023-09-16 09:37:27,391 :WARNING : test_newuser :Warning during the program 'Name'
2023-09-16 09:37:27,391 :WARNING : test_newuser :Warning during the program 'Name'
2023-09-16 09:37:27,391 :WARNING : test_newuser :Warning during the program 'Name'
2023-09-16 09:37:27,391 :WARNING : test_newuser :Warning during the program 'Name'
2023-09-16 09:37:27,391 :WARNING : test_newuser :Warning during the program 'Name'
2023-09-16 09:37:27,391 :WARNING : test_newuser :Warning during the program 'Name'
2023-09-16 09:37:27,409 :ERROR : test_newuser :error during the action 'Name'
2023-09-16 09:37:27,409 :ERROR : test_newuser :error during the action 'Name'
2023-09-16 09:37:27,409 :ERROR : test_newuser :error during the action 'Name'
2023-09-16 09:37:27,409 :ERROR : test_newuser :error during the action 'Name'
2023-09-16 09:37:27,409 :ERROR : test_newuser :error during the action 'Name'
2023-09-16 09:37:27,409 :ERROR : test_newuser :error during the action 'Name'
2023-09-16 09:37:27,409 :ERROR : test_newuser :error during the action 'Name'
2023-09-16 09:37:27,409 :ERROR : test_newuser :error during the action 'Name'
2023-09-16 09:37:27,409 :ERROR : test_newuser :error during the action 'Name'
2023-09-16 09:37:27,409 :ERROR : test_newuser :error during the action 'Name'
2023-09-16 09:37:27,409 :ERROR : test_newuser :error during the action 'Name'
2023-09-16 09:37:27,409 :ERROR : test_newuser :error during the action 'Name'
2023-09-16 09:37:27,410 :CRITICAL : test_newuser :Critical error 'Name'
2023-09-16 09:37:27,410 :CRITICAL : test_newuser :Critical error 'Name'
2023-09-16 09:37:27,410 :CRITICAL : test_newuser :Critical error 'Name'
2023-09-16 09:37:27,410 :CRITICAL : test_newuser :Critical error 'Name'
2023-09-16 09:37:27,410 :CRITICAL : test_newuser :Critical error 'Name'
2023-09-16 09:37:27,410 :CRITICAL : test_newuser :Critical error 'Name'
2023-09-16 09:37:27,410 :CRITICAL : test_newuser :Critical error 'Name'
2023-09-16 09:37:27,410 :CRITICAL : test_newuser :Critical error 'Name'
2023-09-16 09:37:27,410 :CRITICAL : test_newuser :Critical error 'Name'
2023-09-16 09:37:27,410 :CRITICAL : test_newuser :Critical error 'Name'
2023-09-16 09:37:27,410 :CRITICAL : test_newuser :Critical error 'Name'
2023-09-16 09:37:27,410 :CRITICAL : test_newuser :Critical error 'Name'
2023-09-16 09:37:27,410 :WARNING : test_newuser :Warning during the program 'Name'
2023-09-16 09:37:27,410 :WARNING : test_newuser :Warning during the program 'Name'
2023-09-16 09:37:27,410 :WARNING : test_newuser :Warning during the program 'Name'
2023-09-16 09:37:27,410 :WARNING : test_newuser :Warning during the program 'Name'
2023-09-16 09:37:27,410 :WARNING : test_newuser :Warning during the program 'Name'
2023-09-16 09:37:27,410 :WARNING : test_newuser :Warning during the program 'Name'
2023-09-16 09:37:27,410 :WARNING : test_newuser :Warning during the program 'Name'
2023-09-16 09:37:27,410 :WARNING : test_newuser :Warning during the program 'Name'
2023-09-16 09:37:27,410 :WARNING : test_newuser :Warning during the program 'Name'
2023-09-16 09:37:27,410 :WARNING : test_newuser :Warning during the program 'Name'
2023-09-16 09:37:27,410 :WARNING : test_newuser :Warning during the program 'Name'
2023-09-16 09:37:27,410 :WARNING : test_newuser :Warning during the program 'Name'
2023-09-16 09:37:27,443 :ERROR : test_newuser :error during the action 'Name'
2023-09-16 09:37:27,443 :ERROR : test_newuser :error during the action 'Name'
2023-09-16 09:37:27,443 :ERROR : test_newuser :error during the action 'Name'
2023-09-16 09:37:27,443 :ERROR : test_newuser :error during the action 'Name'
2023-09-16 09:37:27,443 :ERROR : test_newuser :error during the action 'Name'
2023-09-16 09:37:27,443 :ERROR : test_newuser :error during the action 'Name'
2023-09-16 09:37:27,443 :ERROR : test_newuser :error during the action 'Name'
2023-09-16 09:37:27,443 :ERROR : test_newuser :error during the action 'Name'
2023-09-16 09:37:27,443 :ERROR : test_newuser :error during the action 'Name'
2023-09-16 09:37:27,443 :ERROR : test_newuser :error during the action 'Name'
2023-09-16 09:37:27,443 :ERROR : test_newuser :error during the action 'Name'
2023-09-16 09:37:27,443 :ERROR : test_newuser :error during the action 'Name'
2023-09-16 09:37:27,443 :ERROR : test_newuser :error during the action 'Name'
2023-09-16 09:37:27,443 :ERROR : test_newuser :error during the action 'Name'
2023-09-16 09:37:27,443 :CRITICAL : test_newuser :Critical error 'Name'
2023-09-16 09:37:27,443 :CRITICAL : test_newuser :Critical error 'Name'
2023-09-16 09:37:27,443 :CRITICAL : test_newuser :Critical error 'Name'
2023-09-16 09:37:27,443 :CRITICAL : test_newuser :Critical error 'Name'
2023-09-16 09:37:27,443 :CRITICAL : test_newuser :Critical error 'Name'
2023-09-16 09:37:27,443 :CRITICAL : test_newuser :Critical error 'Name'
2023-09-16 09:37:27,443 :CRITICAL : test_newuser :Critical error 'Name'
2023-09-16 09:37:27,443 :CRITICAL : test_newuser :Critical error 'Name'
2023-09-16 09:37:27,443 :CRITICAL : test_newuser :Critical error 'Name'
2023-09-16 09:37:27,443 :CRITICAL : test_newuser :Critical error 'Name'
2023-09-16 09:37:27,443 :CRITICAL : test_newuser :Critical error 'Name'
2023-09-16 09:37:27,443 :CRITICAL : test_newuser :Critical error 'Name'
2023-09-16 09:37:27,443 :CRITICAL : test_newuser :Critical error 'Name'
2023-09-16 09:37:27,443 :CRITICAL : test_newuser :Critical error 'Name'
2023-09-16 09:37:27,444 :WARNING : test_newuser :Warning during the program 'Name'
2023-09-16 09:37:27,444 :WARNING : test_newuser :Warning during the program 'Name'
2023-09-16 09:37:27,444 :WARNING : test_newuser :Warning during the program 'Name'
2023-09-16 09:37:27,444 :WARNING : test_newuser :Warning during the program 'Name'
2023-09-16 09:37:27,444 :WARNING : test_newuser :Warning during the program 'Name'
2023-09-16 09:37:27,444 :WARNING : test_newuser :Warning during the program 'Name'
2023-09-16 09:37:27,444 :WARNING : test_newuser :Warning during the program 'Name'
2023-09-16 09:37:27,444 :WARNING : test_newuser :Warning during the program 'Name'
2023-09-16 09:37:27,444 :WARNING : test_newuser :Warning during the program 'Name'
2023-09-16 09:37:27,444 :WARNING : test_newuser :Warning during the program 'Name'
2023-09-16 09:37:27,444 :WARNING : test_newuser :Warning during the program 'Name'
2023-09-16 09:37:27,444 :WARNING : test_newuser :Warning during the program 'Name'
2023-09-16 09:37:27,444 :WARNING : test_newuser :Warning during the program 'Name'
2023-09-16 09:37:27,444 :WARNING : test_newuser :Warning during the program 'Name'
2023-09-16 09:42:03,655 :ERROR : test_newuser :error during the action 'Name'
2023-09-16 09:42:03,655 :ERROR : test_newuser :error during the action 'Name'
2023-09-16 09:42:03,655 :CRITICAL : test_newuser :Critical error 'Name'
2023-09-16 09:42:03,655 :CRITICAL : test_newuser :Critical error 'Name'
2023-09-16 09:42:03,655 :WARNING : test_newuser :Warning during the program 'Name'
2023-09-16 09:42:03,655 :WARNING : test_newuser :Warning during the program 'Name'
2023-09-16 09:42:03,676 :ERROR : test_newuser :error during the action 'Name'
2023-09-16 09:42:03,676 :ERROR : test_newuser :error during the action 'Name'
2023-09-16 09:42:03,676 :ERROR : test_newuser :error during the action 'Name'
2023-09-16 09:42:03,676 :ERROR : test_newuser :error during the action 'Name'
2023-09-16 09:42:03,676 :CRITICAL : test_newuser :Critical error 'Name'
2023-09-16 09:42:03,676 :CRITICAL : test_newuser :Critical error 'Name'
2023-09-16 09:42:03,676 :CRITICAL : test_newuser :Critical error 'Name'
2023-09-16 09:42:03,676 :CRITICAL : test_newuser :Critical error 'Name'
2023-09-16 09:42:03,676 :WARNING : test_newuser :Warning during the program 'Name'
2023-09-16 09:42:03,676 :WARNING : test_newuser :Warning during the program 'Name'
2023-09-16 09:42:03,676 :WARNING : test_newuser :Warning during the program 'Name'
2023-09-16 09:42:03,676 :WARNING : test_newuser :Warning during the program 'Name'
2023-09-16 09:42:03,774 :INFO : test_newuser :Firstname is : sadiq
2023-09-16 09:42:03,774 :INFO : test_newuser :Firstname is : sadiq
2023-09-16 09:42:03,774 :INFO : test_newuser :Firstname is : sadiq
2023-09-16 09:42:03,774 :INFO : test_newuser :Firstname is : sadiq
2023-09-16 09:42:03,774 :INFO : test_newuser :Firstname is : sadiq
2023-09-16 09:42:03,846 :INFO : test_newuser :Email is : sadiq@t.com
2023-09-16 09:42:03,846 :INFO : test_newuser :Email is : sadiq@t.com
2023-09-16 09:42:03,846 :INFO : test_newuser :Email is : sadiq@t.com
2023-09-16 09:42:03,846 :INFO : test_newuser :Email is : sadiq@t.com
2023-09-16 09:42:03,846 :INFO : test_newuser :Email is : sadiq@t.com
2023-09-16 09:42:04,124 :INFO : test_newuser :DOB is : "10/10/2023"
2023-09-16 09:42:04,124 :INFO : test_newuser :DOB is : "10/10/2023"
2023-09-16 09:42:04,124 :INFO : test_newuser :DOB is : "10/10/2023"
2023-09-16 09:42:04,124 :INFO : test_newuser :DOB is : "10/10/2023"
2023-09-16 09:42:04,124 :INFO : test_newuser :DOB is : "10/10/2023"
2023-09-16 09:42:04,254 :INFO : test_newuser :×
Success! The Form has been submitted successfully!.
2023-09-16 09:42:04,254 :INFO : test_newuser :×
Success! The Form has been submitted successfully!.
2023-09-16 09:42:04,254 :INFO : test_newuser :×
Success! The Form has been submitted successfully!.
2023-09-16 09:42:04,254 :INFO : test_newuser :×
Success! The Form has been submitted successfully!.
2023-09-16 09:42:04,254 :INFO : test_newuser :×
Success! The Form has been submitted successfully!.
2023-09-16 09:42:06,470 :ERROR : test_newuser :error during the action 'Name'
2023-09-16 09:42:06,470 :ERROR : test_newuser :error during the action 'Name'
2023-09-16 09:42:06,470 :ERROR : test_newuser :error during the action 'Name'
2023-09-16 09:42:06,470 :ERROR : test_newuser :error during the action 'Name'
2023-09-16 09:42:06,470 :ERROR : test_newuser :error during the action 'Name'
2023-09-16 09:42:06,470 :ERROR : test_newuser :error during the action 'Name'
2023-09-16 09:42:06,470 :ERROR : test_newuser :error during the action 'Name'
2023-09-16 09:42:06,470 :CRITICAL : test_newuser :Critical error 'Name'
2023-09-16 09:42:06,470 :CRITICAL : test_newuser :Critical error 'Name'
2023-09-16 09:42:06,470 :CRITICAL : test_newuser :Critical error 'Name'
2023-09-16 09:42:06,470 :CRITICAL : test_newuser :Critical error 'Name'
2023-09-16 09:42:06,470 :CRITICAL : test_newuser :Critical error 'Name'
2023-09-16 09:42:06,470 :CRITICAL : test_newuser :Critical error 'Name'
2023-09-16 09:42:06,470 :CRITICAL : test_newuser :Critical error 'Name'
2023-09-16 09:42:06,470 :WARNING : test_newuser :Warning during the program 'Name'
2023-09-16 09:42:06,470 :WARNING : test_newuser :Warning during the program 'Name'
2023-09-16 09:42:06,470 :WARNING : test_newuser :Warning during the program 'Name'
2023-09-16 09:42:06,470 :WARNING : test_newuser :Warning during the program 'Name'
2023-09-16 09:42:06,470 :WARNING : test_newuser :Warning during the program 'Name'
2023-09-16 09:42:06,470 :WARNING : test_newuser :Warning during the program 'Name'
2023-09-16 09:42:06,470 :WARNING : test_newuser :Warning during the program 'Name'
2023-09-16 09:42:06,492 :ERROR : test_newuser :error during the action 'Name'
2023-09-16 09:42:06,492 :ERROR : test_newuser :error during the action 'Name'
2023-09-16 09:42:06,492 :ERROR : test_newuser :error during the action 'Name'
2023-09-16 09:42:06,492 :ERROR : test_newuser :error during the action 'Name'
2023-09-16 09:42:06,492 :ERROR : test_newuser :error during the action 'Name'
2023-09-16 09:42:06,492 :ERROR : test_newuser :error during the action 'Name'
2023-09-16 09:42:06,492 :ERROR : test_newuser :error during the action 'Name'
2023-09-16 09:42:06,492 :ERROR : test_newuser :error during the action 'Name'
2023-09-16 09:42:06,492 :ERROR : test_newuser :error during the action 'Name'
2023-09-16 09:42:06,492 :CRITICAL : test_newuser :Critical error 'Name'
2023-09-16 09:42:06,492 :CRITICAL : test_newuser :Critical error 'Name'
2023-09-16 09:42:06,492 :CRITICAL : test_newuser :Critical error 'Name'
2023-09-16 09:42:06,492 :CRITICAL : test_newuser :Critical error 'Name'
2023-09-16 09:42:06,492 :CRITICAL : test_newuser :Critical error 'Name'
2023-09-16 09:42:06,492 :CRITICAL : test_newuser :Critical error 'Name'
2023-09-16 09:42:06,492 :CRITICAL : test_newuser :Critical error 'Name'
2023-09-16 09:42:06,492 :CRITICAL : test_newuser :Critical error 'Name'
2023-09-16 09:42:06,492 :CRITICAL : test_newuser :Critical error 'Name'
2023-09-16 09:42:06,492 :WARNING : test_newuser :Warning during the program 'Name'
2023-09-16 09:42:06,492 :WARNING : test_newuser :Warning during the program 'Name'
2023-09-16 09:42:06,492 :WARNING : test_newuser :Warning during the program 'Name'
2023-09-16 09:42:06,492 :WARNING : test_newuser :Warning during the program 'Name'
2023-09-16 09:42:06,492 :WARNING : test_newuser :Warning during the program 'Name'
2023-09-16 09:42:06,492 :WARNING : test_newuser :Warning during the program 'Name'
2023-09-16 09:42:06,492 :WARNING : test_newuser :Warning during the program 'Name'
2023-09-16 09:42:06,492 :WARNING : test_newuser :Warning during the program 'Name'
2023-09-16 09:42:06,492 :WARNING : test_newuser :Warning during the program 'Name'
2023-09-16 09:42:06,513 :ERROR : test_newuser :error during the action 'Name'
2023-09-16 09:42:06,513 :ERROR : test_newuser :error during the action 'Name'
2023-09-16 09:42:06,513 :ERROR : test_newuser :error during the action 'Name'
2023-09-16 09:42:06,513 :ERROR : test_newuser :error during the action 'Name'
2023-09-16 09:42:06,513 :ERROR : test_newuser :error during the action 'Name'
2023-09-16 09:42:06,513 :ERROR : test_newuser :error during the action 'Name'
2023-09-16 09:42:06,513 :ERROR : test_newuser :error during the action 'Name'
2023-09-16 09:42:06,513 :ERROR : test_newuser :error during the action 'Name'
2023-09-16 09:42:06,513 :ERROR : test_newuser :error during the action 'Name'
2023-09-16 09:42:06,513 :ERROR : test_newuser :error during the action 'Name'
2023-09-16 09:42:06,513 :ERROR : test_newuser :error during the action 'Name'
2023-09-16 09:42:06,514 :CRITICAL : test_newuser :Critical error 'Name'
2023-09-16 09:42:06,514 :CRITICAL : test_newuser :Critical error 'Name'
2023-09-16 09:42:06,514 :CRITICAL : test_newuser :Critical error 'Name'
2023-09-16 09:42:06,514 :CRITICAL : test_newuser :Critical error 'Name'
2023-09-16 09:42:06,514 :CRITICAL : test_newuser :Critical error 'Name'
2023-09-16 09:42:06,514 :CRITICAL : test_newuser :Critical error 'Name'
2023-09-16 09:42:06,514 :CRITICAL : test_newuser :Critical error 'Name'
2023-09-16 09:42:06,514 :CRITICAL : test_newuser :Critical error 'Name'
2023-09-16 09:42:06,514 :CRITICAL : test_newuser :Critical error 'Name'
2023-09-16 09:42:06,514 :CRITICAL : test_newuser :Critical error 'Name'
2023-09-16 09:42:06,514 :CRITICAL : test_newuser :Critical error 'Name'
2023-09-16 09:42:06,514 :WARNING : test_newuser :Warning during the program 'Name'
2023-09-16 09:42:06,514 :WARNING : test_newuser :Warning during the program 'Name'
2023-09-16 09:42:06,514 :WARNING : test_newuser :Warning during the program 'Name'
2023-09-16 09:42:06,514 :WARNING : test_newuser :Warning during the program 'Name'
2023-09-16 09:42:06,514 :WARNING : test_newuser :Warning during the program 'Name'
2023-09-16 09:42:06,514 :WARNING : test_newuser :Warning during the program 'Name'
2023-09-16 09:42:06,514 :WARNING : test_newuser :Warning during the program 'Name'
2023-09-16 09:42:06,514 :WARNING : test_newuser :Warning during the program 'Name'
2023-09-16 09:42:06,514 :WARNING : test_newuser :Warning during the program 'Name'
2023-09-16 09:42:06,514 :WARNING : test_newuser :Warning during the program 'Name'
2023-09-16 09:42:06,514 :WARNING : test_newuser :Warning during the program 'Name'
2023-09-16 09:42:06,534 :ERROR : test_newuser :error during the action 'Name'
2023-09-16 09:42:06,534 :ERROR : test_newuser :error during the action 'Name'
2023-09-16 09:42:06,534 :ERROR : test_newuser :error during the action 'Name'
2023-09-16 09:42:06,534 :ERROR : test_newuser :error during the action 'Name'
2023-09-16 09:42:06,534 :ERROR : test_newuser :error during the action 'Name'
2023-09-16 09:42:06,534 :ERROR : test_newuser :error during the action 'Name'
2023-09-16 09:42:06,534 :ERROR : test_newuser :error during the action 'Name'
2023-09-16 09:42:06,534 :ERROR : test_newuser :error during the action 'Name'
2023-09-16 09:42:06,534 :ERROR : test_newuser :error during the action 'Name'
2023-09-16 09:42:06,534 :ERROR : test_newuser :error during the action 'Name'
2023-09-16 09:42:06,534 :ERROR : test_newuser :error during the action 'Name'
2023-09-16 09:42:06,534 :ERROR : test_newuser :error during the action 'Name'
2023-09-16 09:42:06,534 :ERROR : test_newuser :error during the action 'Name'
2023-09-16 09:42:06,534 :CRITICAL : test_newuser :Critical error 'Name'
2023-09-16 09:42:06,534 :CRITICAL : test_newuser :Critical error 'Name'
2023-09-16 09:42:06,534 :CRITICAL : test_newuser :Critical error 'Name'
2023-09-16 09:42:06,534 :CRITICAL : test_newuser :Critical error 'Name'
2023-09-16 09:42:06,534 :CRITICAL : test_newuser :Critical error 'Name'
2023-09-16 09:42:06,534 :CRITICAL : test_newuser :Critical error 'Name'
2023-09-16 09:42:06,534 :CRITICAL : test_newuser :Critical error 'Name'
2023-09-16 09:42:06,534 :CRITICAL : test_newuser :Critical error 'Name'
2023-09-16 09:42:06,534 :CRITICAL : test_newuser :Critical error 'Name'
2023-09-16 09:42:06,534 :CRITICAL : test_newuser :Critical error 'Name'
2023-09-16 09:42:06,534 :CRITICAL : test_newuser :Critical error 'Name'
2023-09-16 09:42:06,534 :CRITICAL : test_newuser :Critical error 'Name'
2023-09-16 09:42:06,534 :CRITICAL : test_newuser :Critical error 'Name'
2023-09-16 09:42:06,534 :WARNING : test_newuser :Warning during the program 'Name'
2023-09-16 09:42:06,534 :WARNING : test_newuser :Warning during the program 'Name'
2023-09-16 09:42:06,534 :WARNING : test_newuser :Warning during the program 'Name'
2023-09-16 09:42:06,534 :WARNING : test_newuser :Warning during the program 'Name'
2023-09-16 09:42:06,534 :WARNING : test_newuser :Warning during the program 'Name'
2023-09-16 09:42:06,534 :WARNING : test_newuser :Warning during the program 'Name'
2023-09-16 09:42:06,534 :WARNING : test_newuser :Warning during the program 'Name'
2023-09-16 09:42:06,534 :WARNING : test_newuser :Warning during the program 'Name'
2023-09-16 09:42:06,534 :WARNING : test_newuser :Warning during the program 'Name'
2023-09-16 09:42:06,534 :WARNING : test_newuser :Warning during the program 'Name'
2023-09-16 09:42:06,534 :WARNING : test_newuser :Warning during the program 'Name'
2023-09-16 09:42:06,534 :WARNING : test_newuser :Warning during the program 'Name'
2023-09-16 09:42:06,534 :WARNING : test_newuser :Warning during the program 'Name'
2023-09-16 09:42:51,782 :ERROR : test_newuser :error during the action 'Name'
2023-09-16 09:42:51,782 :ERROR : test_newuser :error during the action 'Name'
2023-09-16 09:42:51,782 :CRITICAL : test_newuser :Critical error 'Name'
2023-09-16 09:42:51,782 :CRITICAL : test_newuser :Critical error 'Name'
2023-09-16 09:42:51,782 :WARNING : test_newuser :Warning during the program 'Name'
2023-09-16 09:42:51,782 :WARNING : test_newuser :Warning during the program 'Name'
2023-09-16 09:42:51,803 :ERROR : test_newuser :error during the action 'Name'
2023-09-16 09:42:51,803 :ERROR : test_newuser :error during the action 'Name'
2023-09-16 09:42:51,803 :ERROR : test_newuser :error during the action 'Name'
2023-09-16 09:42:51,803 :ERROR : test_newuser :error during the action 'Name'
2023-09-16 09:42:51,803 :CRITICAL : test_newuser :Critical error 'Name'
2023-09-16 09:42:51,803 :CRITICAL : test_newuser :Critical error 'Name'
2023-09-16 09:42:51,803 :CRITICAL : test_newuser :Critical error 'Name'
2023-09-16 09:42:51,803 :CRITICAL : test_newuser :Critical error 'Name'
2023-09-16 09:42:51,803 :WARNING : test_newuser :Warning during the program 'Name'
2023-09-16 09:42:51,803 :WARNING : test_newuser :Warning during the program 'Name'
2023-09-16 09:42:51,803 :WARNING : test_newuser :Warning during the program 'Name'
2023-09-16 09:42:51,803 :WARNING : test_newuser :Warning during the program 'Name'
2023-09-16 09:42:51,826 :ERROR : test_newuser :error during the action 'Name'
2023-09-16 09:42:51,826 :ERROR : test_newuser :error during the action 'Name'
2023-09-16 09:42:51,826 :ERROR : test_newuser :error during the action 'Name'
2023-09-16 09:42:51,826 :ERROR : test_newuser :error during the action 'Name'
2023-09-16 09:42:51,826 :ERROR : test_newuser :error during the action 'Name'
2023-09-16 09:42:51,826 :ERROR : test_newuser :error during the action 'Name'
2023-09-16 09:42:51,826 :CRITICAL : test_newuser :Critical error 'Name'
2023-09-16 09:42:51,826 :CRITICAL : test_newuser :Critical error 'Name'
2023-09-16 09:42:51,826 :CRITICAL : test_newuser :Critical error 'Name'
2023-09-16 09:42:51,826 :CRITICAL : test_newuser :Critical error 'Name'
2023-09-16 09:42:51,826 :CRITICAL : test_newuser :Critical error 'Name'
2023-09-16 09:42:51,826 :CRITICAL : test_newuser :Critical error 'Name'
2023-09-16 09:42:51,827 :WARNING : test_newuser :Warning during the program 'Name'
2023-09-16 09:42:51,827 :WARNING : test_newuser :Warning during the program 'Name'
2023-09-16 09:42:51,827 :WARNING : test_newuser :Warning during the program 'Name'
2023-09-16 09:42:51,827 :WARNING : test_newuser :Warning during the program 'Name'
2023-09-16 09:42:51,827 :WARNING : test_newuser :Warning during the program 'Name'
2023-09-16 09:42:51,827 :WARNING : test_newuser :Warning during the program 'Name'
2023-09-16 09:42:51,924 :INFO : test_newuser :Firstname is : zohaikd
2023-09-16 09:42:51,924 :INFO : test_newuser :Firstname is : zohaikd
2023-09-16 09:42:51,924 :INFO : test_newuser :Firstname is : zohaikd
2023-09-16 09:42:51,924 :INFO : test_newuser :Firstname is : zohaikd
2023-09-16 09:42:51,924 :INFO : test_newuser :Firstname is : zohaikd
2023-09-16 09:42:51,924 :INFO : test_newuser :Firstname is : zohaikd
2023-09-16 09:42:51,924 :INFO : test_newuser :Firstname is : zohaikd
2023-09-16 09:42:51,994 :INFO : test_newuser :Email is : zohaid
2023-09-16 09:42:51,994 :INFO : test_newuser :Email is : zohaid
2023-09-16 09:42:51,994 :INFO : test_newuser :Email is : zohaid
2023-09-16 09:42:51,994 :INFO : test_newuser :Email is : zohaid
2023-09-16 09:42:51,994 :INFO : test_newuser :Email is : zohaid
2023-09-16 09:42:51,994 :INFO : test_newuser :Email is : zohaid
2023-09-16 09:42:51,994 :INFO : test_newuser :Email is : zohaid
2023-09-16 09:42:52,264 :INFO : test_newuser :DOB is : "10/10/2023"
2023-09-16 09:42:52,264 :INFO : test_newuser :DOB is : "10/10/2023"
2023-09-16 09:42:52,264 :INFO : test_newuser :DOB is : "10/10/2023"
2023-09-16 09:42:52,264 :INFO : test_newuser :DOB is : "10/10/2023"
2023-09-16 09:42:52,264 :INFO : test_newuser :DOB is : "10/10/2023"
2023-09-16 09:42:52,264 :INFO : test_newuser :DOB is : "10/10/2023"
2023-09-16 09:42:52,264 :INFO : test_newuser :DOB is : "10/10/2023"
2023-09-16 09:42:52,399 :INFO : test_newuser :×
Success! The Form has been submitted successfully!.
2023-09-16 09:42:52,399 :INFO : test_newuser :×
Success! The Form has been submitted successfully!.
2023-09-16 09:42:52,399 :INFO : test_newuser :×
Success! The Form has been submitted successfully!.
2023-09-16 09:42:52,399 :INFO : test_newuser :×
Success! The Form has been submitted successfully!.
2023-09-16 09:42:52,399 :INFO : test_newuser :×
Success! The Form has been submitted successfully!.
2023-09-16 09:42:52,399 :INFO : test_newuser :×
Success! The Form has been submitted successfully!.
2023-09-16 09:42:52,399 :INFO : test_newuser :×
Success! The Form has been submitted successfully!.
2023-09-16 09:42:54,628 :ERROR : test_newuser :error during the action 'Name'
2023-09-16 09:42:54,628 :ERROR : test_newuser :error during the action 'Name'
2023-09-16 09:42:54,628 :ERROR : test_newuser :error during the action 'Name'
2023-09-16 09:42:54,628 :ERROR : test_newuser :error during the action 'Name'
2023-09-16 09:42:54,628 :ERROR : test_newuser :error during the action 'Name'
2023-09-16 09:42:54,628 :ERROR : test_newuser :error during the action 'Name'
2023-09-16 09:42:54,628 :ERROR : test_newuser :error during the action 'Name'
2023-09-16 09:42:54,628 :ERROR : test_newuser :error during the action 'Name'
2023-09-16 09:42:54,628 :ERROR : test_newuser :error during the action 'Name'
2023-09-16 09:42:54,628 :CRITICAL : test_newuser :Critical error 'Name'
2023-09-16 09:42:54,628 :CRITICAL : test_newuser :Critical error 'Name'
2023-09-16 09:42:54,628 :CRITICAL : test_newuser :Critical error 'Name'
2023-09-16 09:42:54,628 :CRITICAL : test_newuser :Critical error 'Name'
2023-09-16 09:42:54,628 :CRITICAL : test_newuser :Critical error 'Name'
2023-09-16 09:42:54,628 :CRITICAL : test_newuser :Critical error 'Name'
2023-09-16 09:42:54,628 :CRITICAL : test_newuser :Critical error 'Name'
2023-09-16 09:42:54,628 :CRITICAL : test_newuser :Critical error 'Name'
2023-09-16 09:42:54,628 :CRITICAL : test_newuser :Critical error 'Name'
2023-09-16 09:42:54,629 :WARNING : test_newuser :Warning during the program 'Name'
2023-09-16 09:42:54,629 :WARNING : test_newuser :Warning during the program 'Name'
2023-09-16 09:42:54,629 :WARNING : test_newuser :Warning during the program 'Name'
2023-09-16 09:42:54,629 :WARNING : test_newuser :Warning during the program 'Name'
2023-09-16 09:42:54,629 :WARNING : test_newuser :Warning during the program 'Name'
2023-09-16 09:42:54,629 :WARNING : test_newuser :Warning during the program 'Name'
2023-09-16 09:42:54,629 :WARNING : test_newuser :Warning during the program 'Name'
2023-09-16 09:42:54,629 :WARNING : test_newuser :Warning during the program 'Name'
2023-09-16 09:42:54,629 :WARNING : test_newuser :Warning during the program 'Name'
2023-09-16 09:42:54,647 :ERROR : test_newuser :error during the action 'Name'
2023-09-16 09:42:54,647 :ERROR : test_newuser :error during the action 'Name'
2023-09-16 09:42:54,647 :ERROR : test_newuser :error during the action 'Name'
2023-09-16 09:42:54,647 :ERROR : test_newuser :error during the action 'Name'
2023-09-16 09:42:54,647 :ERROR : test_newuser :error during the action 'Name'
2023-09-16 09:42:54,647 :ERROR : test_newuser :error during the action 'Name'
2023-09-16 09:42:54,647 :ERROR : test_newuser :error during the action 'Name'
2023-09-16 09:42:54,647 :ERROR : test_newuser :error during the action 'Name'
2023-09-16 09:42:54,647 :ERROR : test_newuser :error during the action 'Name'
2023-09-16 09:42:54,647 :ERROR : test_newuser :error during the action 'Name'
2023-09-16 09:42:54,647 :ERROR : test_newuser :error during the action 'Name'
2023-09-16 09:42:54,648 :CRITICAL : test_newuser :Critical error 'Name'
2023-09-16 09:42:54,648 :CRITICAL : test_newuser :Critical error 'Name'
2023-09-16 09:42:54,648 :CRITICAL : test_newuser :Critical error 'Name'
2023-09-16 09:42:54,648 :CRITICAL : test_newuser :Critical error 'Name'
2023-09-16 09:42:54,648 :CRITICAL : test_newuser :Critical error 'Name'
2023-09-16 09:42:54,648 :CRITICAL : test_newuser :Critical error 'Name'
2023-09-16 09:42:54,648 :CRITICAL : test_newuser :Critical error 'Name'
2023-09-16 09:42:54,648 :CRITICAL : test_newuser :Critical error 'Name'
2023-09-16 09:42:54,648 :CRITICAL : test_newuser :Critical error 'Name'
2023-09-16 09:42:54,648 :CRITICAL : test_newuser :Critical error 'Name'
2023-09-16 09:42:54,648 :CRITICAL : test_newuser :Critical error 'Name'
2023-09-16 09:42:54,648 :WARNING : test_newuser :Warning during the program 'Name'
2023-09-16 09:42:54,648 :WARNING : test_newuser :Warning during the program 'Name'
2023-09-16 09:42:54,648 :WARNING : test_newuser :Warning during the program 'Name'
2023-09-16 09:42:54,648 :WARNING : test_newuser :Warning during the program 'Name'
2023-09-16 09:42:54,648 :WARNING : test_newuser :Warning during the program 'Name'
2023-09-16 09:42:54,648 :WARNING : test_newuser :Warning during the program 'Name'
2023-09-16 09:42:54,648 :WARNING : test_newuser :Warning during the program 'Name'
2023-09-16 09:42:54,648 :WARNING : test_newuser :Warning during the program 'Name'
2023-09-16 09:42:54,648 :WARNING : test_newuser :Warning during the program 'Name'
2023-09-16 09:42:54,648 :WARNING : test_newuser :Warning during the program 'Name'
2023-09-16 09:42:54,648 :WARNING : test_newuser :Warning during the program 'Name'
2023-09-16 09:42:54,666 :ERROR : test_newuser :error during the action 'Name'
2023-09-16 09:42:54,666 :ERROR : test_newuser :error during the action 'Name'
2023-09-16 09:42:54,666 :ERROR : test_newuser :error during the action 'Name'
2023-09-16 09:42:54,666 :ERROR : test_newuser :error during the action 'Name'
2023-09-16 09:42:54,666 :ERROR : test_newuser :error during the action 'Name'
2023-09-16 09:42:54,666 :ERROR : test_newuser :error during the action 'Name'
2023-09-16 09:42:54,666 :ERROR : test_newuser :error during the action 'Name'
2023-09-16 09:42:54,666 :ERROR : test_newuser :error during the action 'Name'
2023-09-16 09:42:54,666 :ERROR : test_newuser :error during the action 'Name'
2023-09-16 09:42:54,666 :ERROR : test_newuser :error during the action 'Name'
2023-09-16 09:42:54,666 :ERROR : test_newuser :error during the action 'Name'
2023-09-16 09:42:54,666 :ERROR : test_newuser :error during the action 'Name'
2023-09-16 09:42:54,666 :ERROR : test_newuser :error during the action 'Name'
2023-09-16 09:42:54,667 :CRITICAL : test_newuser :Critical error 'Name'
2023-09-16 09:42:54,667 :CRITICAL : test_newuser :Critical error 'Name'
2023-09-16 09:42:54,667 :CRITICAL : test_newuser :Critical error 'Name'
2023-09-16 09:42:54,667 :CRITICAL : test_newuser :Critical error 'Name'
2023-09-16 09:42:54,667 :CRITICAL : test_newuser :Critical error 'Name'
2023-09-16 09:42:54,667 :CRITICAL : test_newuser :Critical error 'Name'
2023-09-16 09:42:54,667 :CRITICAL : test_newuser :Critical error 'Name'
2023-09-16 09:42:54,667 :CRITICAL : test_newuser :Critical error 'Name'
2023-09-16 09:42:54,667 :CRITICAL : test_newuser :Critical error 'Name'
2023-09-16 09:42:54,667 :CRITICAL : test_newuser :Critical error 'Name'
2023-09-16 09:42:54,667 :CRITICAL : test_newuser :Critical error 'Name'
2023-09-16 09:42:54,667 :CRITICAL : test_newuser :Critical error 'Name'
2023-09-16 09:42:54,667 :CRITICAL : test_newuser :Critical error 'Name'
2023-09-16 09:42:54,667 :WARNING : test_newuser :Warning during the program 'Name'
2023-09-16 09:42:54,667 :WARNING : test_newuser :Warning during the program 'Name'
2023-09-16 09:42:54,667 :WARNING : test_newuser :Warning during the program 'Name'
2023-09-16 09:42:54,667 :WARNING : test_newuser :Warning during the program 'Name'
2023-09-16 09:42:54,667 :WARNING : test_newuser :Warning during the program 'Name'
2023-09-16 09:42:54,667 :WARNING : test_newuser :Warning during the program 'Name'
2023-09-16 09:42:54,667 :WARNING : test_newuser :Warning during the program 'Name'
2023-09-16 09:42:54,667 :WARNING : test_newuser :Warning during the program 'Name'
2023-09-16 09:42:54,667 :WARNING : test_newuser :Warning during the program 'Name'
2023-09-16 09:42:54,667 :WARNING : test_newuser :Warning during the program 'Name'
2023-09-16 09:42:54,667 :WARNING : test_newuser :Warning during the program 'Name'
2023-09-16 09:42:54,667 :WARNING : test_newuser :Warning during the program 'Name'
2023-09-16 09:42:54,667 :WARNING : test_newuser :Warning during the program 'Name'
